2025-01-16 14:14:30,285 INFO [main] o.s.b.StartupInfoLogger:50 Starting ChamaEurekaServerApplication using Java 17.0.7 with PID 6804 (C:\Users\fkarani\IdeaProjects\esb\eureka-server\target\classes started by fkarani in C:\Users\fkarani\IdeaProjects\esb\eureka-server)
2025-01-16 14:14:30,290 INFO [main] o.s.b.SpringApplication:660 The following 1 profile is active: "uat"
2025-01-16 14:14:34,239 INFO [main] o.s.c.c.s.GenericScope:282 BeanFactory id=1e06da67-537f-3a50-bb7b-79612b41e897
2025-01-16 14:14:34,444 WARN [main] o.s.c.s.PostProcessorRegistrationDelegate$BeanPostProcessorChecker:429 Bean 'org.springframework.cloud.client.loadbalancer.LoadBalancerAutoConfiguration$LoadBalancerInterceptorConfig' of type [org.springframework.cloud.client.loadbalancer.LoadBalancerAutoConfiguration$LoadBalancerInterceptorConfig] is not eligible for getting processed by all BeanPostProcessors (for example: not eligible for auto-proxying). The currently created BeanPostProcessor [lbRestClientPostProcessor] is declared through a non-static factory method on that class; consider declaring it as static instead.
2025-01-16 14:14:34,452 WARN [main] o.s.c.s.PostProcessorRegistrationDelegate$BeanPostProcessorChecker:437 Bean 'org.springframework.cloud.loadbalancer.config.BlockingLoadBalancerClientAutoConfiguration' of type [org.springframework.cloud.loadbalancer.config.BlockingLoadBalancerClientAutoConfiguration] is not eligible for getting processed by all BeanPostProcessors (for example: not eligible for auto-proxying). Is this bean getting eagerly injected into a currently created BeanPostProcessor [lbRestClientPostProcessor]? Check the corresponding BeanPostProcessor declaration and its dependencies.
2025-01-16 14:14:34,458 WARN [main] o.s.c.s.PostProcessorRegistrationDelegate$BeanPostProcessorChecker:437 Bean 'org.springframework.cloud.loadbalancer.config.LoadBalancerAutoConfiguration' of type [org.springframework.cloud.loadbalancer.config.LoadBalancerAutoConfiguration] is not eligible for getting processed by all BeanPostProcessors (for example: not eligible for auto-proxying). Is this bean getting eagerly injected into a currently created BeanPostProcessor [lbRestClientPostProcessor]? Check the corresponding BeanPostProcessor declaration and its dependencies.
2025-01-16 14:14:34,492 WARN [main] o.s.c.s.PostProcessorRegistrationDelegate$BeanPostProcessorChecker:437 Bean 'org.springframework.cloud.commons.config.CommonsConfigAutoConfiguration' of type [org.springframework.cloud.commons.config.CommonsConfigAutoConfiguration] is not eligible for getting processed by all BeanPostProcessors (for example: not eligible for auto-proxying). Is this bean getting eagerly injected into a currently created BeanPostProcessor [lbRestClientPostProcessor]? Check the corresponding BeanPostProcessor declaration and its dependencies.
2025-01-16 14:14:34,499 WARN [main] o.s.c.s.PostProcessorRegistrationDelegate$BeanPostProcessorChecker:437 Bean 'org.springframework.cloud.client.loadbalancer.LoadBalancerDefaultMappingsProviderAutoConfiguration' of type [org.springframework.cloud.client.loadbalancer.LoadBalancerDefaultMappingsProviderAutoConfiguration] is not eligible for getting processed by all BeanPostProcessors (for example: not eligible for auto-proxying). Is this bean getting eagerly injected into a currently created BeanPostProcessor [lbRestClientPostProcessor]? Check the corresponding BeanPostProcessor declaration and its dependencies.
2025-01-16 14:14:34,502 WARN [main] o.s.c.s.PostProcessorRegistrationDelegate$BeanPostProcessorChecker:437 Bean 'loadBalancerClientsDefaultsMappingsProvider' of type [org.springframework.cloud.client.loadbalancer.LoadBalancerDefaultMappingsProviderAutoConfiguration$$Lambda$620/0x0000000800ff6248] is not eligible for getting processed by all BeanPostProcessors (for example: not eligible for auto-proxying). Is this bean getting eagerly injected into a currently created BeanPostProcessor [lbRestClientPostProcessor]? Check the corresponding BeanPostProcessor declaration and its dependencies.
2025-01-16 14:14:34,506 WARN [main] o.s.c.s.PostProcessorRegistrationDelegate$BeanPostProcessorChecker:437 Bean 'defaultsBindHandlerAdvisor' of type [org.springframework.cloud.commons.config.DefaultsBindHandlerAdvisor] is not eligible for getting processed by all BeanPostProcessors (for example: not eligible for auto-proxying). Is this bean getting eagerly injected into a currently created BeanPostProcessor [lbRestClientPostProcessor]? Check the corresponding BeanPostProcessor declaration and its dependencies.
2025-01-16 14:14:34,576 WARN [main] o.s.c.s.PostProcessorRegistrationDelegate$BeanPostProcessorChecker:437 Bean 'spring.cloud.loadbalancer-org.springframework.cloud.client.loadbalancer.LoadBalancerClientsProperties' of type [org.springframework.cloud.client.loadbalancer.LoadBalancerClientsProperties] is not eligible for getting processed by all BeanPostProcessors (for example: not eligible for auto-proxying). Is this bean getting eagerly injected into a currently created BeanPostProcessor [lbRestClientPostProcessor]? Check the corresponding BeanPostProcessor declaration and its dependencies.
2025-01-16 14:14:34,592 WARN [main] o.s.c.s.PostProcessorRegistrationDelegate$BeanPostProcessorChecker:437 Bean 'default.org.springframework.cloud.loadbalancer.config.LoadBalancerAutoConfiguration.LoadBalancerClientSpecification' of type [org.springframework.cloud.loadbalancer.annotation.LoadBalancerClientSpecification] is not eligible for getting processed by all BeanPostProcessors (for example: not eligible for auto-proxying). Is this bean getting eagerly injected into a currently created BeanPostProcessor [lbRestClientPostProcessor]? Check the corresponding BeanPostProcessor declaration and its dependencies.
2025-01-16 14:14:34,595 WARN [main] o.s.c.s.PostProcessorRegistrationDelegate$BeanPostProcessorChecker:437 Bean 'default.org.springframework.cloud.loadbalancer.config.BlockingLoadBalancerClientAutoConfiguration.LoadBalancerClientSpecification' of type [org.springframework.cloud.loadbalancer.annotation.LoadBalancerClientSpecification] is not eligible for getting processed by all BeanPostProcessors (for example: not eligible for auto-proxying). Is this bean getting eagerly injected into a currently created BeanPostProcessor [lbRestClientPostProcessor]? Check the corresponding BeanPostProcessor declaration and its dependencies.
2025-01-16 14:14:34,597 WARN [main] o.s.c.s.PostProcessorRegistrationDelegate$BeanPostProcessorChecker:437 Bean 'default.org.springframework.cloud.netflix.eureka.loadbalancer.LoadBalancerEurekaAutoConfiguration.LoadBalancerClientSpecification' of type [org.springframework.cloud.loadbalancer.annotation.LoadBalancerClientSpecification] is not eligible for getting processed by all BeanPostProcessors (for example: not eligible for auto-proxying). Is this bean getting eagerly injected into a currently created BeanPostProcessor [lbRestClientPostProcessor]? Check the corresponding BeanPostProcessor declaration and its dependencies.
2025-01-16 14:14:34,599 WARN [main] o.s.c.s.PostProcessorRegistrationDelegate$BeanPostProcessorChecker:437 Bean 'loadBalancerClientFactory' of type [org.springframework.cloud.loadbalancer.support.LoadBalancerClientFactory] is not eligible for getting processed by all BeanPostProcessors (for example: not eligible for auto-proxying). Is this bean getting eagerly injected into a currently created BeanPostProcessor [lbRestClientPostProcessor]? Check the corresponding BeanPostProcessor declaration and its dependencies.
2025-01-16 14:14:34,606 WARN [main] o.s.c.s.PostProcessorRegistrationDelegate$BeanPostProcessorChecker:437 Bean 'blockingLoadBalancerClient' of type [org.springframework.cloud.loadbalancer.blocking.client.BlockingLoadBalancerClient] is not eligible for getting processed by all BeanPostProcessors (for example: not eligible for auto-proxying). Is this bean getting eagerly injected into a currently created BeanPostProcessor [lbRestClientPostProcessor]? Check the corresponding BeanPostProcessor declaration and its dependencies.
2025-01-16 14:14:34,619 WARN [main] o.s.c.s.PostProcessorRegistrationDelegate$BeanPostProcessorChecker:437 Bean 'loadBalancerServiceInstanceCookieTransformer' of type [org.springframework.cloud.loadbalancer.core.LoadBalancerServiceInstanceCookieTransformer] is not eligible for getting processed by all BeanPostProcessors (for example: not eligible for auto-proxying). Is this bean getting eagerly injected into a currently created BeanPostProcessor [lbRestClientPostProcessor]? Check the corresponding BeanPostProcessor declaration and its dependencies.
2025-01-16 14:14:34,623 WARN [main] o.s.c.s.PostProcessorRegistrationDelegate$BeanPostProcessorChecker:437 Bean 'xForwarderHeadersTransformer' of type [org.springframework.cloud.loadbalancer.blocking.XForwardedHeadersTransformer] is not eligible for getting processed by all BeanPostProcessors (for example: not eligible for auto-proxying). Is this bean getting eagerly injected into a currently created BeanPostProcessor [lbRestClientPostProcessor]? Check the corresponding BeanPostProcessor declaration and its dependencies.
2025-01-16 14:14:34,628 WARN [main] o.s.c.s.PostProcessorRegistrationDelegate$BeanPostProcessorChecker:437 Bean 'org.springframework.cloud.client.loadbalancer.LoadBalancerAutoConfiguration' of type [org.springframework.cloud.client.loadbalancer.LoadBalancerAutoConfiguration] is not eligible for getting processed by all BeanPostProcessors (for example: not eligible for auto-proxying). Is this bean getting eagerly injected into a currently created BeanPostProcessor [lbRestClientPostProcessor]? Check the corresponding BeanPostProcessor declaration and its dependencies.
2025-01-16 14:14:34,647 WARN [main] o.s.c.s.PostProcessorRegistrationDelegate$BeanPostProcessorChecker:437 Bean 'loadBalancerRequestFactory' of type [org.springframework.cloud.client.loadbalancer.LoadBalancerRequestFactory] is not eligible for getting processed by all BeanPostProcessors (for example: not eligible for auto-proxying). Is this bean getting eagerly injected into a currently created BeanPostProcessor [lbRestClientPostProcessor]? Check the corresponding BeanPostProcessor declaration and its dependencies.
2025-01-16 14:14:34,649 WARN [main] o.s.c.s.PostProcessorRegistrationDelegate$BeanPostProcessorChecker:437 Bean 'loadBalancerInterceptor' of type [org.springframework.cloud.client.loadbalancer.LoadBalancerInterceptor] is not eligible for getting processed by all BeanPostProcessors (for example: not eligible for auto-proxying). Is this bean getting eagerly injected into a currently created BeanPostProcessor [lbRestClientPostProcessor]? Check the corresponding BeanPostProcessor declaration and its dependencies.
2025-01-16 14:14:35,081 INFO [main] o.s.b.w.e.t.TomcatWebServer:109 Tomcat initialized with port 9713 (http)
2025-01-16 14:14:35,096 INFO [main] o.a.j.l.DirectJDKLog:173 Initializing ProtocolHandler ["http-nio-9713"]
2025-01-16 14:14:35,099 INFO [main] o.a.j.l.DirectJDKLog:173 Starting service [Tomcat]
2025-01-16 14:14:35,099 INFO [main] o.a.j.l.DirectJDKLog:173 Starting Servlet engine: [Apache Tomcat/10.1.19]
2025-01-16 14:14:35,231 INFO [main] o.a.j.l.DirectJDKLog:173 Initializing Spring embedded WebApplicationContext
2025-01-16 14:14:35,232 INFO [main] o.s.b.w.s.c.ServletWebServerApplicationContext:296 Root WebApplicationContext: initialization completed in 4840 ms
2025-01-16 14:14:37,134 INFO [main] o.s.b.a.w.s.WelcomePageHandlerMapping:59 Adding welcome page: class path resource [static/index.html]
2025-01-16 14:14:38,823 WARN [main] o.s.c.l.c.LoadBalancerCacheAutoConfiguration$LoadBalancerCaffeineWarnLogger:94 Spring Cloud LoadBalancer is currently working with the default cache. While this cache implementation is useful for development and tests, it's recommended to use Caffeine cache in production.You can switch to using Caffeine cache, by adding it and org.springframework.cache.caffeine.CaffeineCacheManager to the classpath.
2025-01-16 14:14:38,854 INFO [main] o.s.c.n.e.InstanceInfoFactory:67 Setting initial instance status as: STARTING
2025-01-16 14:14:39,135 INFO [main] c.n.e.DefaultEurekaServerContext:66 Initializing ...
2025-01-16 14:14:39,136 INFO [main] c.n.e.c.PeerEurekaNodes:186 Adding new peer nodes [http://localhost:9713/eureka/]
2025-01-16 14:14:39,407 INFO [main] c.n.e.c.PeerEurekaNodes:108 Replica node URL:  http://localhost:9713/eureka/
2025-01-16 14:14:39,419 INFO [main] c.n.e.r.AbstractInstanceRegistry:158 Finished initializing remote region registries. All known remote regions: []
2025-01-16 14:14:39,422 INFO [main] c.n.e.DefaultEurekaServerContext:73 Initialized
2025-01-16 14:14:39,434 INFO [main] o.s.b.a.e.w.EndpointLinksResolver:58 Exposing 1 endpoint(s) beneath base path '/actuator'
2025-01-16 14:14:39,545 INFO [main] o.s.c.n.e.s.EurekaServiceRegistry:41 Registering application DISCOVERY-SERVER with eureka with status UP
2025-01-16 14:14:39,550 INFO [main] o.a.j.l.DirectJDKLog:173 Starting ProtocolHandler ["http-nio-9713"]
2025-01-16 14:14:39,564 INFO [Thread-9] o.s.c.n.e.s.EurekaServerBootstrap:142 isAws returned false
2025-01-16 14:14:39,565 INFO [Thread-9] o.s.c.n.e.s.EurekaServerBootstrap:108 Initialized server context
2025-01-16 14:14:39,566 INFO [Thread-9] c.n.e.r.PeerAwareInstanceRegistryImpl:246 Got 1 instances from neighboring DS node
2025-01-16 14:14:39,566 INFO [Thread-9] c.n.e.r.PeerAwareInstanceRegistryImpl:247 Renew threshold is: 1
2025-01-16 14:14:39,566 INFO [Thread-9] c.n.e.r.PeerAwareInstanceRegistryImpl:258 Changing status to UP
2025-01-16 14:14:39,574 INFO [Thread-9] o.s.c.n.e.s.EurekaServerInitializerConfiguration:68 Started Eureka Server
2025-01-16 14:14:39,578 INFO [main] o.s.b.w.e.t.TomcatWebServer:241 Tomcat started on port 9713 (http) with context path ''
2025-01-16 14:14:39,580 INFO [main] o.s.c.n.e.s.EurekaAutoServiceRegistration:144 Updating port to 9713
2025-01-16 14:14:39,963 INFO [main] o.s.b.StartupInfoLogger:56 Started ChamaEurekaServerApplication in 11.268 seconds (process running for 12.881)
2025-01-16 14:14:40,469 INFO [RMI TCP Connection(7)-172.28.16.1] o.a.j.l.DirectJDKLog:173 Initializing Spring DispatcherServlet 'dispatcherServlet'
2025-01-16 14:14:40,469 INFO [RMI TCP Connection(7)-172.28.16.1] o.s.w.s.FrameworkServlet:532 Initializing Servlet 'dispatcherServlet'
2025-01-16 14:14:40,472 INFO [RMI TCP Connection(7)-172.28.16.1] o.s.w.s.FrameworkServlet:554 Completed initialization in 2 ms
2025-01-16 14:14:49,248 WARN [http-nio-9713-exec-2] c.n.e.r.AbstractInstanceRegistry:365 DS: Registry: lease doesn't exist, registering resource: AUTHENTICATION - authentication:a896783d1e39ae5246028934e534d6be
2025-01-16 14:14:49,249 WARN [http-nio-9713-exec-2] c.n.e.r.InstanceResource:116 Not Found (Renew): AUTHENTICATION - authentication:a896783d1e39ae5246028934e534d6be
2025-01-16 14:14:49,366 INFO [http-nio-9713-exec-3] c.n.e.r.AbstractInstanceRegistry:271 Registered instance AUTHENTICATION/authentication:a896783d1e39ae5246028934e534d6be with status UP (replication=false)
2025-01-16 14:14:49,970 INFO [http-nio-9713-exec-5] c.n.e.r.AbstractInstanceRegistry:271 Registered instance AUTHENTICATION/authentication:a896783d1e39ae5246028934e534d6be with status UP (replication=true)
2025-01-16 14:15:39,567 INFO [Eureka-EvictionTimer] c.n.e.r.AbstractInstanceRegistry$EvictionTask:1252 Running the evict task with compensationTime 0ms
